<?xml version="1.0" encoding="UTF-8"?>
<testsuites name="jest tests" tests="4" failures="3" time="2.45">
  <testsuite name="EventLoggerService.integration.js" errors="0" failures="3" skipped="0" timestamp="2019-04-05T15:54:17" time="2.365" tests="4">
    <testcase classname="EventLogger Double star wildcard" name="should dispatch events" time="0.022">
    </testcase>
    <testcase classname="EventLogger Double star wildcard" name="should react to events from external source" time="0.02">
      <failure>Error: expect(received).toContain(expected) // indexOf

Expected value: &quot;some.other.event&quot;
Received array: [&quot;sanity.check.event&quot;, &quot;sanity.check.event&quot;]
    at Object.toContain (C:\Amplify\moleculer-wildcard\test\integration\EventLoggerService.integration.js:62:24)</failure>
    </testcase>
    <testcase classname="EventLogger Double star wildcard" name="exploration of multiple wildcards" time="0.011">
      <failure>Error: expect(received).toContain(expected) // indexOf

Expected value: &quot;sanity.check.event&quot;
Received array: []
    at Object.toContain (C:\Amplify\moleculer-wildcard\test\integration\EventLoggerService.integration.js:87:24)</failure>
    </testcase>
    <testcase classname="EventLogger Double star wildcard" name="exploration of multiple wildcards part two" time="0.028">
      <failure>Error: expect(received).toContain(expected) // indexOf

Expected value: &quot;sanity.check.event&quot;
Received array: [&quot;this.is.a.long.event.name&quot;, &quot;this.is.a.long.event.name&quot;]
    at Object.toContain (C:\Amplify\moleculer-wildcard\test\integration\EventLoggerService.integration.js:117:24)</failure>
    </testcase>
  </testsuite>
</testsuites>